-------------------------------------------------------------------------------
Test set: test.login.TestLoginIOSiPhone11ProMax
-------------------------------------------------------------------------------
Tests run: 2, Failures: 0, Errors: 1, Skipped: 0, Time elapsed: 75.159 s <<< FAILURE! - in test.login.TestLoginIOSiPhone11ProMax
testLoginLoginPasswordIncorrect(test.login.TestLoginIOSiPhone11ProMax)  Time elapsed: 60.074 s  <<< ERROR!
org.openqa.selenium.NoSuchElementException: Can't locate an element by this strategy: By.chained({By.AccessibilityId: more options})
	at test.login.TestLoginIOSiPhone11ProMax.testLoginLoginPasswordIncorrect(TestLoginIOSiPhone11ProMax.java:37)
Caused by: org.openqa.selenium.TimeoutException: Expected condition failed: waiting for io.appium.java_client.pagefactory.AppiumElementLocator$WaitingFunction@aaee2a2 (tried for 1 second(s) with 500 milliseconds interval)
	at test.login.TestLoginIOSiPhone11ProMax.testLoginLoginPasswordIncorrect(TestLoginIOSiPhone11ProMax.java:37)
Caused by: org.openqa.selenium.NoSuchElementException: 
Cannot locate an element using By.chained({By.AccessibilityId: more options})
For documentation on this error, please visit: http://seleniumhq.org/exceptions/no_such_element.html
Build info: version: '3.12.0', revision: '7c6e0b3', time: '2018-05-08T14:04:26.12Z'
System info: host: 'fv-az583-141', ip: '10.1.0.116', os.name: 'Linux', os.arch: 'amd64', os.version: '5.15.0-1031-azure', java.version: '1.8.0_362'
Driver info: driver.version: IOSDriver
	at test.login.TestLoginIOSiPhone11ProMax.testLoginLoginPasswordIncorrect(TestLoginIOSiPhone11ProMax.java:37)

